WARNING: sun.reflect.Reflection.getCallerClass is not supported. This will impact performance.
2024-07-02T19:49:10,615 [WARN ] main org.pytorch.serve.util.ConfigManager - Your torchserve instance can access any URL to load models. When deploying to production, make sure to limit the set of allowed_urls in config.properties
2024-07-02T19:49:10,619 [INFO ] main org.pytorch.serve.servingsdk.impl.PluginsManager - Initializing plugins manager...
2024-07-02T19:49:10,811 [INFO ] main org.pytorch.serve.metrics.configuration.MetricConfiguration - Successfully loaded metrics configuration from /home/venv/lib/python3.9/site-packages/ts/configs/metrics.yaml
2024-07-02T19:49:11,041 [INFO ] main org.pytorch.serve.ModelServer - 
Torchserve version: 0.9.0
TS Home: /home/venv/lib/python3.9/site-packages
Current directory: /home/model-server
Temp directory: /home/model-server/tmp
Metrics config path: /home/venv/lib/python3.9/site-packages/ts/configs/metrics.yaml
Number of GPUs: 0
Number of CPUs: 1
Max heap size: 494 M
Python executable: /home/venv/bin/python
Config file: /mnt/models/config/config.properties
Inference address: http://0.0.0.0:8085
Management address: http://0.0.0.0:8083
Metrics address: http://0.0.0.0:8082
Model Store: /mnt/models/model-store
Initial Models: N/A
Log dir: /home/model-server/logs
Metrics dir: /home/model-server/logs
Netty threads: 4
Netty client threads: 0
Default workers per model: 1
Blacklist Regex: N/A
Maximum Response Size: 6553500
Maximum Request Size: 6553500
Limit Maximum Image Pixels: true
Prefer direct buffer: false
Allowed Urls: [file://.*|http(s)?://.*]
Custom python dependency for model allowed: true
Enable metrics API: true
Metrics mode: prometheus
Disable system metrics: false
Workflow Store: /mnt/models/model-store
Model config: N/A
2024-07-02T19:49:11,102 [INFO ] main org.pytorch.serve.servingsdk.impl.PluginsManager -  Loading snapshot serializer plugin...
2024-07-02T19:49:11,126 [INFO ] main org.pytorch.serve.snapshot.SnapshotManager - Started restoring models from snapshot {"name":"startup.cfg","modelCount":1,"models":{"youtubegoes5g":{"1.0":{"defaultVersion":true,"marName":"youtubegoes5g.mar","minWorkers":1,"maxWorkers":5,"batchSize":1,"maxBatchDelay":5000,"responseTimeout":120}}}}
2024-07-02T19:49:11,136 [INFO ] main org.pytorch.serve.snapshot.SnapshotManager - Validating snapshot startup.cfg
2024-07-02T19:49:11,138 [INFO ] main org.pytorch.serve.snapshot.SnapshotManager - Snapshot startup.cfg validated successfully
2024-07-02T19:49:11,235 [DEBUG] main org.pytorch.serve.wlm.ModelVersionedRefs - Adding new version 1.0 for model youtubegoes5g
2024-07-02T19:49:11,235 [DEBUG] main org.pytorch.serve.wlm.ModelVersionedRefs - Setting default version to 1.0 for model youtubegoes5g
INFO:root:Wrapper : Model names ['youtubegoes5g'], inference address http://0.0.0.0:8085, management address http://0.0.0.0:8083, grpc_inference_address, 0.0.0.0:7070, model store /mnt/models/model-store
INFO:root:Predict URL set to 0.0.0.0:8085
INFO:root:Explain URL set to 0.0.0.0:8085
INFO:root:Protocol version is v1
INFO:root:Copying contents of /mnt/models/model-store to local
INFO:root:TSModelRepo is initialized
INFO:kserve:Registering model: youtubegoes5g
INFO:kserve:Setting max asyncio worker threads as 10
INFO:kserve:Starting uvicorn with 1 workers
2024-07-02 19:49:13.217 uvicorn.error INFO:     Started server process [10]
2024-07-02 19:49:13.218 uvicorn.error INFO:     Waiting for application startup.
2024-07-02 19:49:13.222 10 kserve INFO [start():62] Starting gRPC server on [::]:8081
2024-07-02 19:49:13.222 uvicorn.error INFO:     Application startup complete.
2024-07-02 19:49:13.223 uvicorn.error INFO:     Uvicorn running on http://0.0.0.0:8080 (Press CTRL+C to quit)
2024-07-02T19:49:21,018 [DEBUG] main org.pytorch.serve.wlm.ModelVersionedRefs - Setting default version to 1.0 for model youtubegoes5g
2024-07-02T19:49:21,019 [INFO ] main org.pytorch.serve.wlm.ModelManager - Model youtubegoes5g loaded.
2024-07-02T19:49:21,019 [DEBUG] main org.pytorch.serve.wlm.ModelManager - updateModel: youtubegoes5g, count: 1
2024-07-02T19:49:21,027 [DEBUG] W-9000-youtubegoes5g_1.0 org.pytorch.serve.wlm.WorkerLifeCycle - Worker cmdline: [/home/venv/bin/python, /home/venv/lib/python3.9/site-packages/ts/model_service_worker.py, --sock-type, unix, --sock-name, /home/model-server/tmp/.ts.sock.9000, --metrics-config, /home/venv/lib/python3.9/site-packages/ts/configs/metrics.yaml]
2024-07-02T19:49:21,029 [INFO ] main org.pytorch.serve.ModelServer - Initialize Inference server with: EpollServerSocketChannel.
2024-07-02T19:49:21,143 [INFO ] main org.pytorch.serve.ModelServer - Inference API bind to: http://0.0.0.0:8085
2024-07-02T19:49:21,200 [INFO ] main org.pytorch.serve.ModelServer - Initialize Management server with: EpollServerSocketChannel.
2024-07-02T19:49:21,203 [INFO ] main org.pytorch.serve.ModelServer - Management API bind to: http://0.0.0.0:8083
2024-07-02T19:49:21,204 [INFO ] main org.pytorch.serve.ModelServer - Initialize Metrics server with: EpollServerSocketChannel.
2024-07-02T19:49:21,204 [INFO ] main org.pytorch.serve.ModelServer - Metrics API bind to: http://0.0.0.0:8082
Model server started.
2024-07-02T19:49:21,855 [WARN ] pool-3-thread-1 org.pytorch.serve.metrics.MetricCollector - worker pid is not available yet.
2024-07-02T19:49:23,443 [INFO ] W-9000-youtubegoes5g_1.0-stdout MODEL_LOG - s_name_part0=/home/model-server/tmp/.ts.sock, s_name_part1=9000, pid=52
2024-07-02T19:49:23,445 [INFO ] W-9000-youtubegoes5g_1.0-stdout MODEL_LOG - Listening on port: /home/model-server/tmp/.ts.sock.9000
2024-07-02T19:49:23,455 [INFO ] W-9000-youtubegoes5g_1.0-stdout MODEL_LOG - Successfully loaded /home/venv/lib/python3.9/site-packages/ts/configs/metrics.yaml.
2024-07-02T19:49:23,456 [INFO ] W-9000-youtubegoes5g_1.0-stdout MODEL_LOG - [PID]52
2024-07-02T19:49:23,457 [INFO ] W-9000-youtubegoes5g_1.0-stdout MODEL_LOG - Torch worker started.
2024-07-02T19:49:23,458 [DEBUG] W-9000-youtubegoes5g_1.0 org.pytorch.serve.wlm.WorkerThread - W-9000-youtubegoes5g_1.0 State change null -> WORKER_STARTED
2024-07-02T19:49:23,458 [INFO ] W-9000-youtubegoes5g_1.0-stdout MODEL_LOG - Python runtime: 3.9.18
2024-07-02T19:49:23,463 [INFO ] W-9000-youtubegoes5g_1.0 org.pytorch.serve.wlm.WorkerThread - Connecting to: /home/model-server/tmp/.ts.sock.9000
2024-07-02T19:49:23,471 [INFO ] W-9000-youtubegoes5g_1.0-stdout MODEL_LOG - Connection accepted: /home/model-server/tmp/.ts.sock.9000.
2024-07-02T19:49:23,474 [INFO ] W-9000-youtubegoes5g_1.0 org.pytorch.serve.wlm.WorkerThread - Flushing req.cmd LOAD to backend at: 1719949763474
2024-07-02T19:49:23,554 [INFO ] W-9000-youtubegoes5g_1.0-stdout MODEL_LOG - model_name: youtubegoes5g, batchSize: 1
2024-07-02T19:49:23,603 [INFO ] W-9000-youtubegoes5g_1.0-stdout MODEL_LOG - Backend worker process died.
2024-07-02T19:49:23,603 [INFO ] W-9000-youtubegoes5g_1.0-stdout MODEL_LOG - Traceback (most recent call last):
2024-07-02T19:49:23,604 [INFO ] W-9000-youtubegoes5g_1.0-stdout MODEL_LOG -   File "/home/model-server/tmp/models/83c0ad063b434e6e838cd685922f0ff7/ts/model_loader.py", line 108, in load
2024-07-02T19:49:23,604 [INFO ] W-9000-youtubegoes5g_1.0-stdout MODEL_LOG -     module, function_name = self._load_handler_file(handler)
2024-07-02T19:49:23,604 [INFO ] W-9000-youtubegoes5g_1.0-stdout MODEL_LOG -   File "/home/model-server/tmp/models/83c0ad063b434e6e838cd685922f0ff7/ts/model_loader.py", line 153, in _load_handler_file
2024-07-02T19:49:23,605 [INFO ] W-9000-youtubegoes5g_1.0-stdout MODEL_LOG -     module = importlib.import_module(module_name)
2024-07-02T19:49:23,604 [INFO ] epollEventLoopGroup-5-1 org.pytorch.serve.wlm.WorkerThread - 9000 Worker disconnected. WORKER_STARTED
2024-07-02T19:49:23,605 [INFO ] W-9000-youtubegoes5g_1.0-stdout MODEL_LOG -   File "/usr/lib/python3.9/importlib/__init__.py", line 127, in import_module
2024-07-02T19:49:23,605 [INFO ] W-9000-youtubegoes5g_1.0-stdout MODEL_LOG -     return _bootstrap._gcd_import(name[level:], package, level)
2024-07-02T19:49:23,605 [INFO ] W-9000-youtubegoes5g_1.0-stdout MODEL_LOG -   File "<frozen importlib._bootstrap>", line 1030, in _gcd_import
2024-07-02T19:49:23,606 [DEBUG] W-9000-youtubegoes5g_1.0 org.pytorch.serve.wlm.WorkerThread - System state is : WORKER_STARTED
2024-07-02T19:49:23,606 [INFO ] W-9000-youtubegoes5g_1.0-stdout MODEL_LOG -   File "<frozen importlib._bootstrap>", line 1007, in _find_and_load
2024-07-02T19:49:23,606 [INFO ] W-9000-youtubegoes5g_1.0-stdout MODEL_LOG -   File "<frozen importlib._bootstrap>", line 986, in _find_and_load_unlocked
2024-07-02T19:49:23,606 [INFO ] W-9000-youtubegoes5g_1.0-stdout MODEL_LOG -   File "<frozen importlib._bootstrap>", line 680, in _load_unlocked
2024-07-02T19:49:23,607 [INFO ] W-9000-youtubegoes5g_1.0-stdout MODEL_LOG -   File "<frozen importlib._bootstrap_external>", line 850, in exec_module
2024-07-02T19:49:23,607 [INFO ] W-9000-youtubegoes5g_1.0-stdout MODEL_LOG -   File "<frozen importlib._bootstrap>", line 228, in _call_with_frames_removed
2024-07-02T19:49:23,607 [INFO ] W-9000-youtubegoes5g_1.0-stdout MODEL_LOG -   File "/home/model-server/tmp/models/83c0ad063b434e6e838cd685922f0ff7/handler.py", line 17, in <module>
2024-07-02T19:49:23,608 [INFO ] W-9000-youtubegoes5g_1.0-stdout MODEL_LOG -     from ..utils.util import (
2024-07-02T19:49:23,608 [INFO ] W-9000-youtubegoes5g_1.0-stdout MODEL_LOG - ImportError: attempted relative import with no known parent package
2024-07-02T19:49:23,608 [INFO ] W-9000-youtubegoes5g_1.0-stdout MODEL_LOG - 
2024-07-02T19:49:23,608 [INFO ] W-9000-youtubegoes5g_1.0-stdout MODEL_LOG - During handling of the above exception, another exception occurred:
2024-07-02T19:49:23,609 [INFO ] W-9000-youtubegoes5g_1.0-stdout MODEL_LOG - 
2024-07-02T19:49:23,609 [INFO ] W-9000-youtubegoes5g_1.0-stdout MODEL_LOG - Traceback (most recent call last):
2024-07-02T19:49:23,609 [INFO ] W-9000-youtubegoes5g_1.0-stdout MODEL_LOG -   File "/home/venv/lib/python3.9/site-packages/ts/model_service_worker.py", line 258, in <module>
2024-07-02T19:49:23,609 [INFO ] W-9000-youtubegoes5g_1.0-stdout MODEL_LOG -     worker.run_server()
2024-07-02T19:49:23,610 [INFO ] W-9000-youtubegoes5g_1.0-stdout MODEL_LOG -   File "/home/venv/lib/python3.9/site-packages/ts/model_service_worker.py", line 226, in run_server
2024-07-02T19:49:23,610 [INFO ] W-9000-youtubegoes5g_1.0-stdout MODEL_LOG -     self.handle_connection(cl_socket)
2024-07-02T19:49:23,610 [INFO ] W-9000-youtubegoes5g_1.0-stdout MODEL_LOG -   File "/home/venv/lib/python3.9/site-packages/ts/model_service_worker.py", line 189, in handle_connection
2024-07-02T19:49:23,611 [INFO ] W-9000-youtubegoes5g_1.0-stdout MODEL_LOG -     service, result, code = self.load_model(msg)
2024-07-02T19:49:23,611 [INFO ] W-9000-youtubegoes5g_1.0-stdout MODEL_LOG -   File "/home/venv/lib/python3.9/site-packages/ts/model_service_worker.py", line 131, in load_model
2024-07-02T19:49:23,611 [INFO ] W-9000-youtubegoes5g_1.0-stdout MODEL_LOG -     service = model_loader.load(
2024-07-02T19:49:23,611 [INFO ] W-9000-youtubegoes5g_1.0-stdout MODEL_LOG -   File "/home/model-server/tmp/models/83c0ad063b434e6e838cd685922f0ff7/ts/model_loader.py", line 110, in load
2024-07-02T19:49:23,612 [INFO ] W-9000-youtubegoes5g_1.0-stdout MODEL_LOG -     module = self._load_default_handler(handler)
2024-07-02T19:49:23,612 [INFO ] W-9000-youtubegoes5g_1.0-stdout MODEL_LOG -   File "/home/model-server/tmp/models/83c0ad063b434e6e838cd685922f0ff7/ts/model_loader.py", line 159, in _load_default_handler
2024-07-02T19:49:23,612 [INFO ] W-9000-youtubegoes5g_1.0-stdout MODEL_LOG -     module = importlib.import_module(module_name, "ts.torch_handler")
2024-07-02T19:49:23,612 [INFO ] W-9000-youtubegoes5g_1.0-stdout MODEL_LOG -   File "/usr/lib/python3.9/importlib/__init__.py", line 127, in import_module
2024-07-02T19:49:23,614 [INFO ] W-9000-youtubegoes5g_1.0-stdout MODEL_LOG -     return _bootstrap._gcd_import(name[level:], package, level)
2024-07-02T19:49:23,614 [INFO ] W-9000-youtubegoes5g_1.0-stdout MODEL_LOG -   File "<frozen importlib._bootstrap>", line 1030, in _gcd_import
2024-07-02T19:49:23,614 [INFO ] W-9000-youtubegoes5g_1.0-stdout MODEL_LOG -   File "<frozen importlib._bootstrap>", line 1007, in _find_and_load
2024-07-02T19:49:23,615 [INFO ] W-9000-youtubegoes5g_1.0-stdout MODEL_LOG -   File "<frozen importlib._bootstrap>", line 972, in _find_and_load_unlocked
2024-07-02T19:49:23,615 [INFO ] W-9000-youtubegoes5g_1.0-stdout MODEL_LOG -   File "<frozen importlib._bootstrap>", line 228, in _call_with_frames_removed
2024-07-02T19:49:23,615 [INFO ] W-9000-youtubegoes5g_1.0-stdout MODEL_LOG -   File "<frozen importlib._bootstrap>", line 1030, in _gcd_import
2024-07-02T19:49:23,616 [INFO ] W-9000-youtubegoes5g_1.0-stdout MODEL_LOG -   File "<frozen importlib._bootstrap>", line 1007, in _find_and_load
2024-07-02T19:49:23,616 [INFO ] W-9000-youtubegoes5g_1.0-stdout MODEL_LOG -   File "<frozen importlib._bootstrap>", line 984, in _find_and_load_unlocked
2024-07-02T19:49:23,616 [INFO ] W-9000-youtubegoes5g_1.0-stdout MODEL_LOG - ModuleNotFoundError: No module named 'ts.torch_handler.handler'
2024-07-02T19:49:23,606 [DEBUG] W-9000-youtubegoes5g_1.0 org.pytorch.serve.wlm.WorkerThread - Backend worker monitoring thread interrupted or backend worker process died.
java.lang.InterruptedException: null
	at java.util.concurrent.locks.AbstractQueuedSynchronizer$ConditionObject.awaitNanos(AbstractQueuedSynchronizer.java:1679) ~[?:?]
	at java.util.concurrent.ArrayBlockingQueue.poll(ArrayBlockingQueue.java:435) ~[?:?]
	at org.pytorch.serve.wlm.WorkerThread.run(WorkerThread.java:219) [model-server.jar:?]
	at java.util.concurrent.Executors$RunnableAdapter.call(Executors.java:539) [?:?]
	at java.util.concurrent.FutureTask.run(FutureTask.java:264) [?:?]
	at java.util.concurrent.ThreadPoolExecutor.runWorker(ThreadPoolExecutor.java:1136) [?:?]
	at java.util.concurrent.ThreadPoolExecutor$Worker.run(ThreadPoolExecutor.java:635) [?:?]
	at java.lang.Thread.run(Thread.java:833) [?:?]
2024-07-02T19:49:23,619 [WARN ] W-9000-youtubegoes5g_1.0 org.pytorch.serve.wlm.BatchAggregator - Load model failed: youtubegoes5g, error: Worker died.
2024-07-02T19:49:23,619 [DEBUG] W-9000-youtubegoes5g_1.0 org.pytorch.serve.wlm.WorkerThread - W-9000-youtubegoes5g_1.0 State change WORKER_STARTED -> WORKER_STOPPED
2024-07-02T19:49:23,619 [INFO ] W-9000-youtubegoes5g_1.0 org.pytorch.serve.wlm.WorkerThread - Auto recovery start timestamp: 1719949763619
2024-07-02T19:49:23,623 [WARN ] W-9000-youtubegoes5g_1.0 org.pytorch.serve.wlm.WorkerLifeCycle - terminateIOStreams() threadName=W-9000-youtubegoes5g_1.0-stderr
2024-07-02T19:49:23,623 [WARN ] W-9000-youtubegoes5g_1.0 org.pytorch.serve.wlm.WorkerLifeCycle - terminateIOStreams() threadName=W-9000-youtubegoes5g_1.0-stdout
2024-07-02T19:49:23,624 [INFO ] W-9000-youtubegoes5g_1.0 org.pytorch.serve.wlm.WorkerThread - Retry worker: 9000 in 1 seconds.
2024-07-02T19:49:23,633 [INFO ] W-9000-youtubegoes5g_1.0-stderr org.pytorch.serve.wlm.WorkerLifeCycle - Stopped Scanner - W-9000-youtubegoes5g_1.0-stderr
2024-07-02T19:49:23,634 [INFO ] W-9000-youtubegoes5g_1.0-stdout org.pytorch.serve.wlm.WorkerLifeCycle - Stopped Scanner - W-9000-youtubegoes5g_1.0-stdout
2024-07-02T19:49:24,625 [DEBUG] W-9000-youtubegoes5g_1.0 org.pytorch.serve.wlm.WorkerLifeCycle - Worker cmdline: [/home/venv/bin/python, /home/venv/lib/python3.9/site-packages/ts/model_service_worker.py, --sock-type, unix, --sock-name, /home/model-server/tmp/.ts.sock.9000, --metrics-config, /home/venv/lib/python3.9/site-packages/ts/configs/metrics.yaml]
2024-07-02T19:49:26,412 [INFO ] W-9000-youtubegoes5g_1.0-stdout MODEL_LOG - s_name_part0=/home/model-server/tmp/.ts.sock, s_name_part1=9000, pid=69
2024-07-02T19:49:26,413 [INFO ] W-9000-youtubegoes5g_1.0-stdout MODEL_LOG - Listening on port: /home/model-server/tmp/.ts.sock.9000
2024-07-02T19:49:26,424 [INFO ] W-9000-youtubegoes5g_1.0-stdout MODEL_LOG - Successfully loaded /home/venv/lib/python3.9/site-packages/ts/configs/metrics.yaml.
2024-07-02T19:49:26,424 [INFO ] W-9000-youtubegoes5g_1.0-stdout MODEL_LOG - [PID]69
2024-07-02T19:49:26,424 [INFO ] W-9000-youtubegoes5g_1.0-stdout MODEL_LOG - Torch worker started.
2024-07-02T19:49:26,424 [INFO ] W-9000-youtubegoes5g_1.0-stdout MODEL_LOG - Python runtime: 3.9.18
2024-07-02T19:49:26,424 [DEBUG] W-9000-youtubegoes5g_1.0 org.pytorch.serve.wlm.WorkerThread - W-9000-youtubegoes5g_1.0 State change WORKER_STOPPED -> WORKER_STARTED
2024-07-02T19:49:26,425 [INFO ] W-9000-youtubegoes5g_1.0 org.pytorch.serve.wlm.WorkerThread - Connecting to: /home/model-server/tmp/.ts.sock.9000
2024-07-02T19:49:26,426 [INFO ] epollEventLoopGroup-5-1 org.pytorch.serve.wlm.WorkerThread - 9000 Worker disconnected. WORKER_STARTED
2024-07-02T19:49:26,426 [DEBUG] W-9000-youtubegoes5g_1.0 org.pytorch.serve.wlm.WorkerThread - System state is : WORKER_STARTED
2024-07-02T19:49:26,426 [INFO ] W-9000-youtubegoes5g_1.0-stdout MODEL_LOG - Connection accepted: /home/model-server/tmp/.ts.sock.9000.
2024-07-02T19:49:26,426 [DEBUG] W-9000-youtubegoes5g_1.0 org.pytorch.serve.wlm.WorkerThread - Backend worker monitoring thread interrupted or backend worker process died.
java.lang.InterruptedException: null
	at java.util.concurrent.locks.AbstractQueuedSynchronizer$ConditionObject.awaitNanos(AbstractQueuedSynchronizer.java:1679) ~[?:?]
	at java.util.concurrent.LinkedBlockingDeque.pollFirst(LinkedBlockingDeque.java:515) ~[?:?]
	at java.util.concurrent.LinkedBlockingDeque.poll(LinkedBlockingDeque.java:677) ~[?:?]
	at org.pytorch.serve.wlm.Model.pollBatch(Model.java:367) ~[model-server.jar:?]
	at org.pytorch.serve.wlm.BatchAggregator.getRequest(BatchAggregator.java:36) ~[model-server.jar:?]
	at org.pytorch.serve.wlm.WorkerThread.run(WorkerThread.java:194) [model-server.jar:?]
	at java.util.concurrent.ThreadPoolExecutor.runWorker(ThreadPoolExecutor.java:1136) [?:?]
	at java.util.concurrent.ThreadPoolExecutor$Worker.run(ThreadPoolExecutor.java:635) [?:?]
	at java.lang.Thread.run(Thread.java:833) [?:?]
2024-07-02T19:49:26,427 [DEBUG] W-9000-youtubegoes5g_1.0 org.pytorch.serve.wlm.WorkerThread - W-9000-youtubegoes5g_1.0 State change WORKER_STARTED -> WORKER_STOPPED
2024-07-02T19:49:26,427 [WARN ] W-9000-youtubegoes5g_1.0 org.pytorch.serve.wlm.WorkerThread - Auto recovery failed again
2024-07-02T19:49:26,427 [WARN ] W-9000-youtubegoes5g_1.0 org.pytorch.serve.wlm.WorkerLifeCycle - terminateIOStreams() threadName=W-9000-youtubegoes5g_1.0-stderr
2024-07-02T19:49:26,428 [WARN ] W-9000-youtubegoes5g_1.0 org.pytorch.serve.wlm.WorkerLifeCycle - terminateIOStreams() threadName=W-9000-youtubegoes5g_1.0-stdout
2024-07-02T19:49:26,428 [INFO ] W-9000-youtubegoes5g_1.0 org.pytorch.serve.wlm.WorkerThread - Retry worker: 9000 in 1 seconds.
2024-07-02T19:49:26,437 [INFO ] W-9000-youtubegoes5g_1.0-stderr org.pytorch.serve.wlm.WorkerLifeCycle - Stopped Scanner - W-9000-youtubegoes5g_1.0-stderr
2024-07-02T19:49:26,438 [INFO ] W-9000-youtubegoes5g_1.0-stdout org.pytorch.serve.wlm.WorkerLifeCycle - Stopped Scanner - W-9000-youtubegoes5g_1.0-stdout
2024-07-02T19:49:27,429 [DEBUG] W-9000-youtubegoes5g_1.0 org.pytorch.serve.wlm.WorkerLifeCycle - Worker cmdline: [/home/venv/bin/python, /home/venv/lib/python3.9/site-packages/ts/model_service_worker.py, --sock-type, unix, --sock-name, /home/model-server/tmp/.ts.sock.9000, --metrics-config, /home/venv/lib/python3.9/site-packages/ts/configs/metrics.yaml]
2024-07-02T19:49:29,220 [INFO ] W-9000-youtubegoes5g_1.0-stdout MODEL_LOG - s_name_part0=/home/model-server/tmp/.ts.sock, s_name_part1=9000, pid=78
2024-07-02T19:49:29,221 [INFO ] W-9000-youtubegoes5g_1.0-stdout MODEL_LOG - Listening on port: /home/model-server/tmp/.ts.sock.9000
2024-07-02T19:49:29,233 [INFO ] W-9000-youtubegoes5g_1.0-stdout MODEL_LOG - Successfully loaded /home/venv/lib/python3.9/site-packages/ts/configs/metrics.yaml.
2024-07-02T19:49:29,233 [INFO ] W-9000-youtubegoes5g_1.0-stdout MODEL_LOG - [PID]78
2024-07-02T19:49:29,234 [INFO ] W-9000-youtubegoes5g_1.0-stdout MODEL_LOG - Torch worker started.
2024-07-02T19:49:29,234 [INFO ] W-9000-youtubegoes5g_1.0-stdout MODEL_LOG - Python runtime: 3.9.18
2024-07-02T19:49:29,234 [DEBUG] W-9000-youtubegoes5g_1.0 org.pytorch.serve.wlm.WorkerThread - W-9000-youtubegoes5g_1.0 State change WORKER_STOPPED -> WORKER_STARTED
2024-07-02T19:49:29,234 [INFO ] W-9000-youtubegoes5g_1.0 org.pytorch.serve.wlm.WorkerThread - Connecting to: /home/model-server/tmp/.ts.sock.9000
2024-07-02T19:49:29,236 [INFO ] W-9000-youtubegoes5g_1.0-stdout MODEL_LOG - Connection accepted: /home/model-server/tmp/.ts.sock.9000.
2024-07-02T19:49:29,236 [INFO ] epollEventLoopGroup-5-1 org.pytorch.serve.wlm.WorkerThread - 9000 Worker disconnected. WORKER_STARTED
2024-07-02T19:49:29,236 [DEBUG] W-9000-youtubegoes5g_1.0 org.pytorch.serve.wlm.WorkerThread - System state is : WORKER_STARTED
2024-07-02T19:49:29,236 [DEBUG] W-9000-youtubegoes5g_1.0 org.pytorch.serve.wlm.WorkerThread - Backend worker monitoring thread interrupted or backend worker process died.
java.lang.InterruptedException: null
	at java.util.concurrent.locks.AbstractQueuedSynchronizer$ConditionObject.awaitNanos(AbstractQueuedSynchronizer.java:1679) ~[?:?]
	at java.util.concurrent.LinkedBlockingDeque.pollFirst(LinkedBlockingDeque.java:515) ~[?:?]
	at java.util.concurrent.LinkedBlockingDeque.poll(LinkedBlockingDeque.java:677) ~[?:?]
	at org.pytorch.serve.wlm.Model.pollBatch(Model.java:367) ~[model-server.jar:?]
	at org.pytorch.serve.wlm.BatchAggregator.getRequest(BatchAggregator.java:36) ~[model-server.jar:?]
	at org.pytorch.serve.wlm.WorkerThread.run(WorkerThread.java:194) [model-server.jar:?]
	at java.util.concurrent.ThreadPoolExecutor.runWorker(ThreadPoolExecutor.java:1136) [?:?]
	at java.util.concurrent.ThreadPoolExecutor$Worker.run(ThreadPoolExecutor.java:635) [?:?]
	at java.lang.Thread.run(Thread.java:833) [?:?]
2024-07-02T19:49:29,237 [DEBUG] W-9000-youtubegoes5g_1.0 org.pytorch.serve.wlm.WorkerThread - W-9000-youtubegoes5g_1.0 State change WORKER_STARTED -> WORKER_STOPPED
2024-07-02T19:49:29,238 [WARN ] W-9000-youtubegoes5g_1.0 org.pytorch.serve.wlm.WorkerThread - Auto recovery failed again
2024-07-02T19:49:29,239 [WARN ] W-9000-youtubegoes5g_1.0 org.pytorch.serve.wlm.WorkerLifeCycle - terminateIOStreams() threadName=W-9000-youtubegoes5g_1.0-stderr
2024-07-02T19:49:29,239 [WARN ] W-9000-youtubegoes5g_1.0 org.pytorch.serve.wlm.WorkerLifeCycle - terminateIOStreams() threadName=W-9000-youtubegoes5g_1.0-stdout
2024-07-02T19:49:29,240 [INFO ] W-9000-youtubegoes5g_1.0 org.pytorch.serve.wlm.WorkerThread - Retry worker: 9000 in 2 seconds.
2024-07-02T19:49:29,252 [INFO ] W-9000-youtubegoes5g_1.0-stdout org.pytorch.serve.wlm.WorkerLifeCycle - Stopped Scanner - W-9000-youtubegoes5g_1.0-stdout
2024-07-02T19:49:29,252 [INFO ] W-9000-youtubegoes5g_1.0-stderr org.pytorch.serve.wlm.WorkerLifeCycle - Stopped Scanner - W-9000-youtubegoes5g_1.0-stderr
2024-07-02T19:49:31,240 [DEBUG] W-9000-youtubegoes5g_1.0 org.pytorch.serve.wlm.WorkerLifeCycle - Worker cmdline: [/home/venv/bin/python, /home/venv/lib/python3.9/site-packages/ts/model_service_worker.py, --sock-type, unix, --sock-name, /home/model-server/tmp/.ts.sock.9000, --metrics-config, /home/venv/lib/python3.9/site-packages/ts/configs/metrics.yaml]
2024-07-02T19:49:33,009 [INFO ] W-9000-youtubegoes5g_1.0-stdout MODEL_LOG - s_name_part0=/home/model-server/tmp/.ts.sock, s_name_part1=9000, pid=86
2024-07-02T19:49:33,010 [INFO ] W-9000-youtubegoes5g_1.0-stdout MODEL_LOG - Listening on port: /home/model-server/tmp/.ts.sock.9000
2024-07-02T19:49:33,023 [INFO ] W-9000-youtubegoes5g_1.0-stdout MODEL_LOG - Successfully loaded /home/venv/lib/python3.9/site-packages/ts/configs/metrics.yaml.
2024-07-02T19:49:33,023 [INFO ] W-9000-youtubegoes5g_1.0-stdout MODEL_LOG - [PID]86
2024-07-02T19:49:33,024 [INFO ] W-9000-youtubegoes5g_1.0-stdout MODEL_LOG - Torch worker started.
2024-07-02T19:49:33,024 [DEBUG] W-9000-youtubegoes5g_1.0 org.pytorch.serve.wlm.WorkerThread - W-9000-youtubegoes5g_1.0 State change WORKER_STOPPED -> WORKER_STARTED
2024-07-02T19:49:33,024 [INFO ] W-9000-youtubegoes5g_1.0-stdout MODEL_LOG - Python runtime: 3.9.18
2024-07-02T19:49:33,024 [INFO ] W-9000-youtubegoes5g_1.0 org.pytorch.serve.wlm.WorkerThread - Connecting to: /home/model-server/tmp/.ts.sock.9000
2024-07-02T19:49:33,025 [INFO ] W-9000-youtubegoes5g_1.0-stdout MODEL_LOG - Connection accepted: /home/model-server/tmp/.ts.sock.9000.
2024-07-02T19:49:33,025 [INFO ] epollEventLoopGroup-5-1 org.pytorch.serve.wlm.WorkerThread - 9000 Worker disconnected. WORKER_STARTED
2024-07-02T19:49:33,025 [DEBUG] W-9000-youtubegoes5g_1.0 org.pytorch.serve.wlm.WorkerThread - System state is : WORKER_STARTED
2024-07-02T19:49:33,026 [DEBUG] W-9000-youtubegoes5g_1.0 org.pytorch.serve.wlm.WorkerThread - Backend worker monitoring thread interrupted or backend worker process died.
java.lang.InterruptedException: null
	at java.util.concurrent.locks.AbstractQueuedSynchronizer$ConditionObject.awaitNanos(AbstractQueuedSynchronizer.java:1679) ~[?:?]
	at java.util.concurrent.LinkedBlockingDeque.pollFirst(LinkedBlockingDeque.java:515) ~[?:?]
	at java.util.concurrent.LinkedBlockingDeque.poll(LinkedBlockingDeque.java:677) ~[?:?]
	at org.pytorch.serve.wlm.Model.pollBatch(Model.java:367) ~[model-server.jar:?]
	at org.pytorch.serve.wlm.BatchAggregator.getRequest(BatchAggregator.java:36) ~[model-server.jar:?]
	at org.pytorch.serve.wlm.WorkerThread.run(WorkerThread.java:194) [model-server.jar:?]
	at java.util.concurrent.ThreadPoolExecutor.runWorker(ThreadPoolExecutor.java:1136) [?:?]
	at java.util.concurrent.ThreadPoolExecutor$Worker.run(ThreadPoolExecutor.java:635) [?:?]
	at java.lang.Thread.run(Thread.java:833) [?:?]
2024-07-02T19:49:33,026 [DEBUG] W-9000-youtubegoes5g_1.0 org.pytorch.serve.wlm.WorkerThread - W-9000-youtubegoes5g_1.0 State change WORKER_STARTED -> WORKER_STOPPED
2024-07-02T19:49:33,026 [WARN ] W-9000-youtubegoes5g_1.0 org.pytorch.serve.wlm.WorkerThread - Auto recovery failed again
2024-07-02T19:49:33,027 [WARN ] W-9000-youtubegoes5g_1.0 org.pytorch.serve.wlm.WorkerLifeCycle - terminateIOStreams() threadName=W-9000-youtubegoes5g_1.0-stderr
2024-07-02T19:49:33,027 [WARN ] W-9000-youtubegoes5g_1.0 org.pytorch.serve.wlm.WorkerLifeCycle - terminateIOStreams() threadName=W-9000-youtubegoes5g_1.0-stdout
2024-07-02T19:49:33,027 [INFO ] W-9000-youtubegoes5g_1.0 org.pytorch.serve.wlm.WorkerThread - Retry worker: 9000 in 3 seconds.
2024-07-02T19:49:33,038 [INFO ] W-9000-youtubegoes5g_1.0-stdout org.pytorch.serve.wlm.WorkerLifeCycle - Stopped Scanner - W-9000-youtubegoes5g_1.0-stdout
2024-07-02T19:49:33,038 [INFO ] W-9000-youtubegoes5g_1.0-stderr org.pytorch.serve.wlm.WorkerLifeCycle - Stopped Scanner - W-9000-youtubegoes5g_1.0-stderr
2024-07-02T19:49:36,028 [DEBUG] W-9000-youtubegoes5g_1.0 org.pytorch.serve.wlm.WorkerLifeCycle - Worker cmdline: [/home/venv/bin/python, /home/venv/lib/python3.9/site-packages/ts/model_service_worker.py, --sock-type, unix, --sock-name, /home/model-server/tmp/.ts.sock.9000, --metrics-config, /home/venv/lib/python3.9/site-packages/ts/configs/metrics.yaml]
